<?xml version="1.0" encoding="UTF-8"?>
<!-- Generated by org.testng.reporters.JUnitReportReporter -->
<testsuite hostname="LAPTOP-UEHSILNM" failures="0" tests="5" name="Abc1.Script01" time="90.251" errors="0" timestamp="2022-08-25T13:05:40 IST" skipped="0">
  <testcase classname="Abc1.Script01" name="signinPage" time="17.664"/>
  <system-out/>
  <testcase classname="Abc1.Script01" name="invalidPassword" time="16.603"/>
  <system-out/>
  <testcase classname="Abc1.Script01" name="ByClickinRememberME" time="12.961"/>
  <system-out/>
  <testcase classname="Abc1.Script01" name="loginWithGoogle" time="17.794"/>
  <system-out/>
  <testcase classname="Abc1.Script01" name="loginWithgithub" time="25.229"/>
  <system-out/>
</testsuite> <!-- Abc1.Script01 -->
